[2022-07-21T14:56:44.572-0700] [] [INFO] [NCLS-GFLAUNCHER-00005] [jakarta.enterprise.launcher] [tid: _ThreadID=1 _ThreadName=main] [timeMillis: 1658440604572] [levelValue: 800] [[
  JVM invocation command line:
C:\Program Files\Java\jdk-11.0.15.1\bin\java.exe
-cp
C:/Users/benja/OneDrive/Desktop/Customer Management App/customer-management-app/customerswebsite/glassfish6/glassfish/modules/glassfish.jar
-XX:+UnlockDiagnosticVMOptions
-XX:NewRatio=2
-Xmx512m
-Xbootclasspath/a:C:\Users\benja\OneDrive\Desktop\Customer Management App\customer-management-app\customerswebsite\glassfish6\glassfish/lib/grizzly-npn-api.jar
--add-opens=jdk.management/com.sun.management.internal=ALL-UNNAMED
--add-opens=java.base/sun.net.www.protocol.jrt=ALL-UNNAMED
--add-opens=java.base/java.lang=ALL-UNNAMED
--add-opens=java.base/java.util=ALL-UNNAMED
--add-opens=java.rmi/sun.rmi.transport=ALL-UNNAMED
--add-opens=java.naming/javax.naming.spi=ALL-UNNAMED
--add-exports=java.naming/com.sun.jndi.ldap=ALL-UNNAMED
-javaagent:C:/Users/benja/OneDrive/Desktop/Customer Management App/customer-management-app/customerswebsite/glassfish6/glassfish/lib/monitor/flashlight-agent.jar
-Djava.awt.headless=true
-Djdk.corba.allowOutputStreamSubclass=true
-Djdk.tls.rejectClientInitiatedRenegotiation=true
-Djavax.xml.accessExternalSchema=all
-Djava.security.policy=C:\Users\benja\OneDrive\Desktop\Customer Management App\customer-management-app\customerswebsite\glassfish6\glassfish\domains\domain1/config/server.policy
-Djava.security.auth.login.config=C:\Users\benja\OneDrive\Desktop\Customer Management App\customer-management-app\customerswebsite\glassfish6\glassfish\domains\domain1/config/login.conf
-Dcom.sun.enterprise.security.httpsOutboundKeyAlias=s1as
-Djavax.net.ssl.keyStore=C:\Users\benja\OneDrive\Desktop\Customer Management App\customer-management-app\customerswebsite\glassfish6\glassfish\domains\domain1/config/keystore.jks
-Djavax.net.ssl.trustStore=C:\Users\benja\OneDrive\Desktop\Customer Management App\customer-management-app\customerswebsite\glassfish6\glassfish\domains\domain1/config/cacerts.jks
-Djdbc.drivers=org.apache.derby.jdbc.ClientDriver
-DANTLR_USE_DIRECT_CLASS_LOADING=true
-Dcom.sun.enterprise.config.config_environment_factory_class=com.sun.enterprise.config.serverbeans.AppserverConfigEnvironmentFactory
-Dorg.glassfish.additionalOSGiBundlesToStart=org.apache.felix.shell,org.apache.felix.gogo.runtime,org.apache.felix.gogo.shell,org.apache.felix.gogo.command,org.apache.felix.shell.remote,org.apache.felix.fileinstall
-Dosgi.shell.telnet.port=6666
-Dosgi.shell.telnet.maxconn=1
-Dosgi.shell.telnet.ip=127.0.0.1
-Dgosh.args=--nointeractive
-Dfelix.fileinstall.dir=C:\Users\benja\OneDrive\Desktop\Customer Management App\customer-management-app\customerswebsite\glassfish6\glassfish/modules/autostart/
-Dfelix.fileinstall.poll=5000
-Dfelix.fileinstall.log.level=2
-Dfelix.fileinstall.bundles.new.start=true
-Dfelix.fileinstall.bundles.startTransient=true
-Dfelix.fileinstall.disableConfigSave=false
-Dorg.glassfish.gmbal.no.multipleUpperBoundsException=true
-Dcom.ctc.wstx.returnNullForDefaultNamespace=true
-Dcom.sun.aas.instanceRoot=C:\Users\benja\OneDrive\Desktop\Customer Management App\customer-management-app\customerswebsite\glassfish6\glassfish\domains\domain1
-Dcom.sun.aas.installRoot=C:\Users\benja\OneDrive\Desktop\Customer Management App\customer-management-app\customerswebsite\glassfish6\glassfish
-Djava.library.path=C:/Users/benja/OneDrive/Desktop/Customer Management App/customer-management-app/customerswebsite/glassfish6/glassfish/lib;C:/Program Files/Java/jdk-11.0.15.1/bin;C:/Windows/Sun/Java/bin;C:/Windows/System32;C:/Windows;C:/Program Files/Common Files/Oracle/Java/javapath;C:/src/depot_tools;C:/Windows/System32/wbem;C:/Windows/System32/WindowsPowerShell/v1.0;C:/Windows/System32/OpenSSH;C:/Program Files/Microsoft SQL Server/150/Tools/Binn;C:/ProgramData/chocolatey/bin;C:/Program Files/Git/cmd;C:/Gradle/gradle-7.5/bin;C:/Program Files/MySQL/MySQL Shell 8.0/bin;C:/Users/benja/AppData/Local/Microsoft/WindowsApps;C:/Program Files/mingw-w64/x86_64-8.1.0-posix-seh-rt_v6-rev0/mingw64/bin;C:/Users/benja/AppData/Local/Android/Sdk/platform-tools;C:/Users/benja/.dotnet/tools;C:/Users/benja/AppData/Local/Coursier/data/bin;C:/Users/benja/AppData/Local/Programs/Microsoft VS Code/bin;C:/Users/benja/OneDrive/Desktop/Customer Management App/customer-management-app/customerswebsite
com.sun.enterprise.glassfish.bootstrap.ASMain
-upgrade
false
-domaindir
C:/Users/benja/OneDrive/Desktop/Customer Management App/customer-management-app/customerswebsite/glassfish6/glassfish/domains/domain1
-read-stdin
true
-asadmin-args
--host,,,localhost,,,--port,,,4848,,,--secure=false,,,--terse=false,,,--echo=false,,,--interactive=true,,,start-domain,,,--verbose=true,,,--watchdog=false,,,--debug=false,,,--domaindir,,,C:\Users\benja\OneDrive\Desktop\Customer Management App\customer-management-app\customerswebsite\glassfish6\glassfish\domains,,,domain1
-domainname
domain1
-instancename
server
-type
DAS
-verbose
true
-asadmin-classpath
C:/Users/benja/OneDrive/Desktop/Customer Management App/customer-management-app/customerswebsite/glassfish6/glassfish/modules/admin-cli.jar
-debug
false
-asadmin-classname
com.sun.enterprise.admin.cli.AdminMain]]

[2022-07-21T14:56:49.293-0700] [glassfish 6.2] [INFO] [NCLS-LOGGING-00009] [jakarta.enterprise.logging] [tid: _ThreadID=29 _ThreadName=RunLevelControllerThread-1658440609136] [timeMillis: 1658440609293] [levelValue: 800] [[
  Running GlassFish Version: Eclipse GlassFish  6.2.5  (build 6.x-b66-g0159b68 2022-02-12T17:39:59+0000)]]

[2022-07-21T14:56:49.293-0700] [glassfish 6.2] [INFO] [NCLS-LOGGING-00010] [jakarta.enterprise.logging] [tid: _ThreadID=29 _ThreadName=RunLevelControllerThread-1658440609136] [timeMillis: 1658440609293] [levelValue: 800] [[
  Server log file is using Formatter class: com.sun.enterprise.server.logging.ODLLogFormatter]]

[2022-07-21T14:56:49.593-0700] [glassfish 6.2] [INFO] [NCLS-SECURITY-01115] [jakarta.enterprise.system.core.security] [tid: _ThreadID=30 _ThreadName=RunLevelControllerThread-1658440609136] [timeMillis: 1658440609593] [levelValue: 800] [[
  Realm [admin-realm] of classtype [com.sun.enterprise.security.auth.realm.file.FileRealm] successfully created.]]

[2022-07-21T14:56:49.597-0700] [glassfish 6.2] [INFO] [NCLS-SECURITY-01115] [jakarta.enterprise.system.core.security] [tid: _ThreadID=30 _ThreadName=RunLevelControllerThread-1658440609136] [timeMillis: 1658440609597] [levelValue: 800] [[
  Realm [file] of classtype [com.sun.enterprise.security.auth.realm.file.FileRealm] successfully created.]]

[2022-07-21T14:56:49.606-0700] [glassfish 6.2] [INFO] [NCLS-SECURITY-01115] [jakarta.enterprise.system.core.security] [tid: _ThreadID=30 _ThreadName=RunLevelControllerThread-1658440609136] [timeMillis: 1658440609606] [levelValue: 800] [[
  Realm [certificate] of classtype [com.sun.enterprise.security.auth.realm.certificate.CertificateRealm] successfully created.]]

[2022-07-21T14:56:49.697-0700] [glassfish 6.2] [INFO] [] [org.glassfish.ha.store.spi.BackingStoreFactoryRegistry] [tid: _ThreadID=31 _ThreadName=RunLevelControllerThread-1658440609136] [timeMillis: 1658440609697] [levelValue: 800] [[
  Registered org.glassfish.ha.store.adapter.cache.ShoalBackingStoreProxy for persistence-type = replicated in BackingStoreFactoryRegistry]]

[2022-07-21T14:56:49.774-0700] [glassfish 6.2] [INFO] [] [org.hibernate.validator.internal.util.Version] [tid: _ThreadID=29 _ThreadName=RunLevelControllerThread-1658440609136] [timeMillis: 1658440609774] [levelValue: 800] [[
  HV000001: Hibernate Validator 7.0.2.Final]]

[2022-07-21T14:56:49.826-0700] [glassfish 6.2] [INFO] [SEC-SVCS-00100] [jakarta.enterprise.security.services] [tid: _ThreadID=31 _ThreadName=RunLevelControllerThread-1658440609136] [timeMillis: 1658440609826] [levelValue: 800] [[
  Authorization Service has successfully initialized.]]

[2022-07-21T14:56:50.015-0700] [glassfish 6.2] [INFO] [NCLS-CORE-00087] [jakarta.enterprise.system.core] [tid: _ThreadID=30 _ThreadName=RunLevelControllerThread-1658440609136] [timeMillis: 1658440610015] [levelValue: 800] [[
  Grizzly Framework 3.0.1 started in: 31ms - bound to [/0.0.0.0:8080]]]

[2022-07-21T14:56:50.062-0700] [glassfish 6.2] [INFO] [NCLS-CORE-00087] [jakarta.enterprise.system.core] [tid: _ThreadID=30 _ThreadName=RunLevelControllerThread-1658440609136] [timeMillis: 1658440610062] [levelValue: 800] [[
  Grizzly Framework 3.0.1 started in: 16ms - bound to [/0.0.0.0:8181]]]

[2022-07-21T14:56:50.093-0700] [glassfish 6.2] [INFO] [NCLS-CORE-00087] [jakarta.enterprise.system.core] [tid: _ThreadID=30 _ThreadName=RunLevelControllerThread-1658440609136] [timeMillis: 1658440610093] [levelValue: 800] [[
  Grizzly Framework 3.0.1 started in: 31ms - bound to [/0.0.0.0:4848]]]

[2022-07-21T14:56:50.172-0700] [glassfish 6.2] [INFO] [NCLS-CORE-00087] [jakarta.enterprise.system.core] [tid: _ThreadID=28 _ThreadName=RunLevelControllerThread-1658440609136] [timeMillis: 1658440610172] [levelValue: 800] [[
  Grizzly Framework 3.0.1 started in: 16ms - bound to [/0.0.0.0:3700]]]

[2022-07-21T14:56:50.345-0700] [glassfish 6.2] [INFO] [NCLS-CORE-00017] [jakarta.enterprise.system.core] [tid: _ThreadID=1 _ThreadName=main] [timeMillis: 1658440610345] [levelValue: 800] [[
  Eclipse GlassFish  6.2.5  (6.x-b66-g0159b68 2022-02-12T17:39:59+0000) startup time : Felix (4,163ms), startup services(1,225ms), total(5,388ms)]]

[2022-07-21T14:56:50.659-0700] [glassfish 6.2] [INFO] [NCLS-JMX-00005] [jakarta.enterprise.system.jmx] [tid: _ThreadID=73 _ThreadName=Thread-13] [timeMillis: 1658440610659] [levelValue: 800] [[
  JMXStartupService has started JMXConnector on JMXService URL service:jmx:rmi://host.docker.internal:8686/jndi/rmi://host.docker.internal:8686/jmxrmi]]

[2022-07-21T14:56:50.693-0700] [glassfish 6.2] [INFO] [NCLS-CORE-00087] [jakarta.enterprise.system.core] [tid: _ThreadID=30 _ThreadName=RunLevelControllerThread-1658440609136] [timeMillis: 1658440610693] [levelValue: 800] [[
  Grizzly Framework 3.0.1 started in: 0ms - bound to [/0.0.0.0:7676]]]

[2022-07-21T14:56:50.706-0700] [glassfish 6.2] [INFO] [NCLS-BOOTSTRAP-00027] [jakarta.enterprise.bootstrap] [tid: _ThreadID=1 _ThreadName=main] [timeMillis: 1658440610706] [levelValue: 800] [[
  Registered com.sun.enterprise.glassfish.bootstrap.osgi.EmbeddedOSGiGlassFishImpl@3443e476 as OSGi service registration: org.apache.felix.framework.ServiceRegistrationImpl@7ccfdaef.]]

[2022-07-21T14:56:50.831-0700] [glassfish 6.2] [INFO] [] [org.jvnet.hk2.osgiadapter] [tid: _ThreadID=23 _ThreadName=FelixStartLevel] [timeMillis: 1658440610831] [levelValue: 800] [[
  Skipping registration of inhabitant for service reference [org.osgi.service.metatype.MetaTypeProvider] as the service object could not be obtained.]]

[2022-07-21T14:57:15.583-0700] [glassfish 6.2] [INFO] [NCLS-REST-00001] [jakarta.enterprise.admin.rest] [tid: _ThreadID=55 _ThreadName=admin-listener(2)] [timeMillis: 1658440635583] [levelValue: 800] [[
  Listening to REST requests at context: /command/domain.]]

[2022-07-21T14:57:36.941-0700] [] [INFO] [NCLS-GFLAUNCHER-00005] [jakarta.enterprise.launcher] [tid: _ThreadID=1 _ThreadName=main] [timeMillis: 1658440656941] [levelValue: 800] [[
  JVM invocation command line:
C:\Program Files\Java\jdk-11.0.15.1\bin\java.exe
-cp
C:/Users/benja/OneDrive/Desktop/Customer Management App/customer-management-app/customerswebsite/glassfish6/glassfish/modules/glassfish.jar
-XX:+UnlockDiagnosticVMOptions
-XX:NewRatio=2
-Xmx512m
-Xbootclasspath/a:C:\Users\benja\OneDrive\Desktop\Customer Management App\customer-management-app\customerswebsite\glassfish6\glassfish/lib/grizzly-npn-api.jar
--add-opens=jdk.management/com.sun.management.internal=ALL-UNNAMED
--add-opens=java.base/sun.net.www.protocol.jrt=ALL-UNNAMED
--add-opens=java.base/java.lang=ALL-UNNAMED
--add-opens=java.base/java.util=ALL-UNNAMED
--add-opens=java.rmi/sun.rmi.transport=ALL-UNNAMED
--add-opens=java.naming/javax.naming.spi=ALL-UNNAMED
--add-exports=java.naming/com.sun.jndi.ldap=ALL-UNNAMED
-javaagent:C:/Users/benja/OneDrive/Desktop/Customer Management App/customer-management-app/customerswebsite/glassfish6/glassfish/lib/monitor/flashlight-agent.jar
-Djava.awt.headless=true
-Djdk.corba.allowOutputStreamSubclass=true
-Djdk.tls.rejectClientInitiatedRenegotiation=true
-Djavax.xml.accessExternalSchema=all
-Djava.security.policy=C:\Users\benja\OneDrive\Desktop\Customer Management App\customer-management-app\customerswebsite\glassfish6\glassfish\domains\domain1/config/server.policy
-Djava.security.auth.login.config=C:\Users\benja\OneDrive\Desktop\Customer Management App\customer-management-app\customerswebsite\glassfish6\glassfish\domains\domain1/config/login.conf
-Dcom.sun.enterprise.security.httpsOutboundKeyAlias=s1as
-Djavax.net.ssl.keyStore=C:\Users\benja\OneDrive\Desktop\Customer Management App\customer-management-app\customerswebsite\glassfish6\glassfish\domains\domain1/config/keystore.jks
-Djavax.net.ssl.trustStore=C:\Users\benja\OneDrive\Desktop\Customer Management App\customer-management-app\customerswebsite\glassfish6\glassfish\domains\domain1/config/cacerts.jks
-Djdbc.drivers=org.apache.derby.jdbc.ClientDriver
-DANTLR_USE_DIRECT_CLASS_LOADING=true
-Dcom.sun.enterprise.config.config_environment_factory_class=com.sun.enterprise.config.serverbeans.AppserverConfigEnvironmentFactory
-Dorg.glassfish.additionalOSGiBundlesToStart=org.apache.felix.shell,org.apache.felix.gogo.runtime,org.apache.felix.gogo.shell,org.apache.felix.gogo.command,org.apache.felix.shell.remote,org.apache.felix.fileinstall
-Dosgi.shell.telnet.port=6666
-Dosgi.shell.telnet.maxconn=1
-Dosgi.shell.telnet.ip=127.0.0.1
-Dgosh.args=--nointeractive
-Dfelix.fileinstall.dir=C:\Users\benja\OneDrive\Desktop\Customer Management App\customer-management-app\customerswebsite\glassfish6\glassfish/modules/autostart/
-Dfelix.fileinstall.poll=5000
-Dfelix.fileinstall.log.level=2
-Dfelix.fileinstall.bundles.new.start=true
-Dfelix.fileinstall.bundles.startTransient=true
-Dfelix.fileinstall.disableConfigSave=false
-Dorg.glassfish.gmbal.no.multipleUpperBoundsException=true
-Dcom.ctc.wstx.returnNullForDefaultNamespace=true
-Dcom.sun.aas.instanceRoot=C:\Users\benja\OneDrive\Desktop\Customer Management App\customer-management-app\customerswebsite\glassfish6\glassfish\domains\domain1
-Dcom.sun.aas.installRoot=C:\Users\benja\OneDrive\Desktop\Customer Management App\customer-management-app\customerswebsite\glassfish6\glassfish
-Djava.library.path=C:/Users/benja/OneDrive/Desktop/Customer Management App/customer-management-app/customerswebsite/glassfish6/glassfish/lib;C:/Program Files/Java/jdk-11.0.15.1/bin;C:/Windows/Sun/Java/bin;C:/Windows/System32;C:/Windows;C:/Program Files/Common Files/Oracle/Java/javapath;C:/src/depot_tools;C:/Windows/System32/wbem;C:/Windows/System32/WindowsPowerShell/v1.0;C:/Windows/System32/OpenSSH;C:/Program Files/Microsoft SQL Server/150/Tools/Binn;C:/ProgramData/chocolatey/bin;C:/Program Files/Git/cmd;C:/Gradle/gradle-7.5/bin;C:/Program Files/MySQL/MySQL Shell 8.0/bin;C:/Users/benja/AppData/Local/Microsoft/WindowsApps;C:/Program Files/mingw-w64/x86_64-8.1.0-posix-seh-rt_v6-rev0/mingw64/bin;C:/Users/benja/AppData/Local/Android/Sdk/platform-tools;C:/Users/benja/.dotnet/tools;C:/Users/benja/AppData/Local/Coursier/data/bin;C:/Users/benja/AppData/Local/Programs/Microsoft VS Code/bin;C:/Users/benja/OneDrive/Desktop/Customer Management App/customer-management-app/customerswebsite/glassfish6/glassfish/bin
com.sun.enterprise.glassfish.bootstrap.ASMain
-upgrade
false
-domaindir
C:/Users/benja/OneDrive/Desktop/Customer Management App/customer-management-app/customerswebsite/glassfish6/glassfish/domains/domain1
-read-stdin
true
-asadmin-args
--host,,,localhost,,,--port,,,4848,,,--secure=false,,,--terse=false,,,--echo=false,,,--interactive=true,,,start-domain,,,--verbose=true,,,--watchdog=false,,,--debug=false,,,--domaindir,,,C:\Users\benja\OneDrive\Desktop\Customer Management App\customer-management-app\customerswebsite\glassfish6\glassfish\domains,,,domain1
-domainname
domain1
-instancename
server
-type
DAS
-verbose
true
-asadmin-classpath
C:/Users/benja/OneDrive/Desktop/Customer Management App/customer-management-app/customerswebsite/glassfish6/glassfish/modules/admin-cli.jar
-debug
false
-asadmin-classname
com.sun.enterprise.admin.cli.AdminMain]]

[2022-07-21T14:57:40.146-0700] [glassfish 6.2] [INFO] [NCLS-LOGGING-00009] [jakarta.enterprise.logging] [tid: _ThreadID=29 _ThreadName=RunLevelControllerThread-1658440659989] [timeMillis: 1658440660146] [levelValue: 800] [[
  Running GlassFish Version: Eclipse GlassFish  6.2.5  (build 6.x-b66-g0159b68 2022-02-12T17:39:59+0000)]]

[2022-07-21T14:57:40.162-0700] [glassfish 6.2] [INFO] [NCLS-LOGGING-00010] [jakarta.enterprise.logging] [tid: _ThreadID=29 _ThreadName=RunLevelControllerThread-1658440659989] [timeMillis: 1658440660162] [levelValue: 800] [[
  Server log file is using Formatter class: com.sun.enterprise.server.logging.ODLLogFormatter]]

[2022-07-21T14:57:40.418-0700] [glassfish 6.2] [INFO] [NCLS-SECURITY-01115] [jakarta.enterprise.system.core.security] [tid: _ThreadID=30 _ThreadName=RunLevelControllerThread-1658440660005] [timeMillis: 1658440660418] [levelValue: 800] [[
  Realm [admin-realm] of classtype [com.sun.enterprise.security.auth.realm.file.FileRealm] successfully created.]]

[2022-07-21T14:57:40.418-0700] [glassfish 6.2] [INFO] [NCLS-SECURITY-01115] [jakarta.enterprise.system.core.security] [tid: _ThreadID=30 _ThreadName=RunLevelControllerThread-1658440660005] [timeMillis: 1658440660418] [levelValue: 800] [[
  Realm [file] of classtype [com.sun.enterprise.security.auth.realm.file.FileRealm] successfully created.]]

[2022-07-21T14:57:40.429-0700] [glassfish 6.2] [INFO] [NCLS-SECURITY-01115] [jakarta.enterprise.system.core.security] [tid: _ThreadID=30 _ThreadName=RunLevelControllerThread-1658440660005] [timeMillis: 1658440660429] [levelValue: 800] [[
  Realm [certificate] of classtype [com.sun.enterprise.security.auth.realm.certificate.CertificateRealm] successfully created.]]

[2022-07-21T14:57:40.523-0700] [glassfish 6.2] [INFO] [] [org.glassfish.ha.store.spi.BackingStoreFactoryRegistry] [tid: _ThreadID=31 _ThreadName=RunLevelControllerThread-1658440660005] [timeMillis: 1658440660523] [levelValue: 800] [[
  Registered org.glassfish.ha.store.adapter.cache.ShoalBackingStoreProxy for persistence-type = replicated in BackingStoreFactoryRegistry]]

[2022-07-21T14:57:40.633-0700] [glassfish 6.2] [INFO] [SEC-SVCS-00100] [jakarta.enterprise.security.services] [tid: _ThreadID=28 _ThreadName=RunLevelControllerThread-1658440659989] [timeMillis: 1658440660633] [levelValue: 800] [[
  Authorization Service has successfully initialized.]]

[2022-07-21T14:57:40.790-0700] [glassfish 6.2] [INFO] [NCLS-CORE-00087] [jakarta.enterprise.system.core] [tid: _ThreadID=30 _ThreadName=RunLevelControllerThread-1658440660005] [timeMillis: 1658440660790] [levelValue: 800] [[
  Grizzly Framework 3.0.1 started in: 31ms - bound to [/0.0.0.0:8080]]]

[2022-07-21T14:57:40.819-0700] [glassfish 6.2] [INFO] [NCLS-CORE-00087] [jakarta.enterprise.system.core] [tid: _ThreadID=30 _ThreadName=RunLevelControllerThread-1658440660005] [timeMillis: 1658440660819] [levelValue: 800] [[
  Grizzly Framework 3.0.1 started in: 0ms - bound to [/0.0.0.0:8181]]]

[2022-07-21T14:57:40.822-0700] [glassfish 6.2] [INFO] [NCLS-CORE-00087] [jakarta.enterprise.system.core] [tid: _ThreadID=30 _ThreadName=RunLevelControllerThread-1658440660005] [timeMillis: 1658440660822] [levelValue: 800] [[
  Grizzly Framework 3.0.1 started in: 0ms - bound to [/0.0.0.0:4848]]]

[2022-07-21T14:57:40.868-0700] [glassfish 6.2] [INFO] [NCLS-CORE-00087] [jakarta.enterprise.system.core] [tid: _ThreadID=29 _ThreadName=RunLevelControllerThread-1658440659989] [timeMillis: 1658440660868] [levelValue: 800] [[
  Grizzly Framework 3.0.1 started in: 0ms - bound to [/0.0.0.0:3700]]]

[2022-07-21T14:57:40.868-0700] [glassfish 6.2] [INFO] [NCLS-CORE-00017] [jakarta.enterprise.system.core] [tid: _ThreadID=1 _ThreadName=main] [timeMillis: 1658440660868] [levelValue: 800] [[
  Eclipse GlassFish  6.2.5  (6.x-b66-g0159b68 2022-02-12T17:39:59+0000) startup time : Felix (2,654ms), startup services(879ms), total(3,533ms)]]

[2022-07-21T14:57:41.150-0700] [glassfish 6.2] [INFO] [NCLS-JMX-00005] [jakarta.enterprise.system.jmx] [tid: _ThreadID=67 _ThreadName=Thread-12] [timeMillis: 1658440661150] [levelValue: 800] [[
  JMXStartupService has started JMXConnector on JMXService URL service:jmx:rmi://host.docker.internal:8686/jndi/rmi://host.docker.internal:8686/jmxrmi]]

[2022-07-21T14:57:41.181-0700] [glassfish 6.2] [INFO] [] [org.hibernate.validator.internal.util.Version] [tid: _ThreadID=29 _ThreadName=RunLevelControllerThread-1658440659989] [timeMillis: 1658440661181] [levelValue: 800] [[
  HV000001: Hibernate Validator 7.0.2.Final]]

[2022-07-21T14:57:41.590-0700] [glassfish 6.2] [INFO] [NCLS-CORE-00087] [jakarta.enterprise.system.core] [tid: _ThreadID=29 _ThreadName=RunLevelControllerThread-1658440659989] [timeMillis: 1658440661590] [levelValue: 800] [[
  Grizzly Framework 3.0.1 started in: 0ms - bound to [/0.0.0.0:7676]]]

[2022-07-21T14:57:41.590-0700] [glassfish 6.2] [INFO] [NCLS-BOOTSTRAP-00027] [jakarta.enterprise.bootstrap] [tid: _ThreadID=1 _ThreadName=main] [timeMillis: 1658440661590] [levelValue: 800] [[
  Registered com.sun.enterprise.glassfish.bootstrap.osgi.EmbeddedOSGiGlassFishImpl@3047254d as OSGi service registration: org.apache.felix.framework.ServiceRegistrationImpl@6cf31447.]]

[2022-07-21T14:57:41.720-0700] [glassfish 6.2] [INFO] [] [org.jvnet.hk2.osgiadapter] [tid: _ThreadID=23 _ThreadName=FelixStartLevel] [timeMillis: 1658440661720] [levelValue: 800] [[
  Skipping registration of inhabitant for service reference [org.osgi.service.metatype.MetaTypeProvider] as the service object could not be obtained.]]

[2022-07-21T14:57:54.491-0700] [glassfish 6.2] [INFO] [NCLS-REST-00001] [jakarta.enterprise.admin.rest] [tid: _ThreadID=58 _ThreadName=admin-listener(2)] [timeMillis: 1658440674491] [levelValue: 800] [[
  Listening to REST requests at context: /command/domain.]]

[2022-07-21T14:57:54.654-0700] [glassfish 6.2] [INFO] [NCLS-CORE-00092] [jakarta.enterprise.system.core] [tid: _ThreadID=112 _ThreadName=Thread-27] [timeMillis: 1658440674654] [levelValue: 800] [[
  Server shutdown initiated]]

[2022-07-21T14:57:54.663-0700] [glassfish 6.2] [INFO] [NCLS-BOOTSTRAP-00028] [jakarta.enterprise.bootstrap] [tid: _ThreadID=112 _ThreadName=Thread-27] [timeMillis: 1658440674663] [levelValue: 800] [[
  Unregistered com.sun.enterprise.glassfish.bootstrap.osgi.EmbeddedOSGiGlassFishImpl@3047254d from service registry.]]

[2022-07-21T14:57:54.665-0700] [glassfish 6.2] [INFO] [] [] [tid: _ThreadID=112 _ThreadName=Thread-7] [timeMillis: 1658440674665] [levelValue: 800] [[
  FileMonitoring shutdown]]

[2022-07-21T14:57:54.669-0700] [glassfish 6.2] [INFO] [NCLS-JMX-00002] [jakarta.enterprise.system.jmx] [tid: _ThreadID=112 _ThreadName=Thread-27] [timeMillis: 1658440674669] [levelValue: 800] [[
  JMXStartupService: Stopped JMXConnectorServer: null]]

[2022-07-21T14:57:54.670-0700] [glassfish 6.2] [INFO] [NCLS-JMX-00001] [jakarta.enterprise.system.jmx] [tid: _ThreadID=112 _ThreadName=Thread-27] [timeMillis: 1658440674670] [levelValue: 800] [[
  JMXStartupService and JMXConnectors have been shut down.]]

[2022-07-21T14:57:54.757-0700] [glassfish 6.2] [INFO] [] [] [tid: _ThreadID=115 _ThreadName=Thread-7] [timeMillis: 1658440674757] [levelValue: 800] [[
  JdbcRuntimeExtension,  getAllSystemRAResourcesAndPools = [GlassFishConfigBean.org.glassfish.jdbc.config.JdbcResource, GlassFishConfigBean.org.glassfish.jdbc.config.JdbcResource, GlassFishConfigBean.org.glassfish.jdbc.config.JdbcConnectionPool, GlassFishConfigBean.org.glassfish.jdbc.config.JdbcConnectionPool]]]

[2022-07-21T15:01:01.326-0700] [] [INFO] [NCLS-GFLAUNCHER-00005] [jakarta.enterprise.launcher] [tid: _ThreadID=1 _ThreadName=main] [timeMillis: 1658440861326] [levelValue: 800] [[
  JVM invocation command line:
C:\Program Files\Java\jdk-11.0.15.1\bin\java.exe
-cp
C:/Users/benja/OneDrive/Desktop/Customer Management App/customer-management-app/customerswebsite/glassfish6/glassfish/modules/glassfish.jar
-XX:+UnlockDiagnosticVMOptions
-XX:NewRatio=2
-Xmx512m
-Xbootclasspath/a:C:\Users\benja\OneDrive\Desktop\Customer Management App\customer-management-app\customerswebsite\glassfish6\glassfish/lib/grizzly-npn-api.jar
--add-opens=jdk.management/com.sun.management.internal=ALL-UNNAMED
--add-opens=java.base/sun.net.www.protocol.jrt=ALL-UNNAMED
--add-opens=java.base/java.lang=ALL-UNNAMED
--add-opens=java.base/java.util=ALL-UNNAMED
--add-opens=java.rmi/sun.rmi.transport=ALL-UNNAMED
--add-opens=java.naming/javax.naming.spi=ALL-UNNAMED
--add-exports=java.naming/com.sun.jndi.ldap=ALL-UNNAMED
-javaagent:C:/Users/benja/OneDrive/Desktop/Customer Management App/customer-management-app/customerswebsite/glassfish6/glassfish/lib/monitor/flashlight-agent.jar
-Djava.awt.headless=true
-Djdk.corba.allowOutputStreamSubclass=true
-Djdk.tls.rejectClientInitiatedRenegotiation=true
-Djavax.xml.accessExternalSchema=all
-Djava.security.policy=C:\Users\benja\OneDrive\Desktop\Customer Management App\customer-management-app\customerswebsite\glassfish6\glassfish\domains\domain1/config/server.policy
-Djava.security.auth.login.config=C:\Users\benja\OneDrive\Desktop\Customer Management App\customer-management-app\customerswebsite\glassfish6\glassfish\domains\domain1/config/login.conf
-Dcom.sun.enterprise.security.httpsOutboundKeyAlias=s1as
-Djavax.net.ssl.keyStore=C:\Users\benja\OneDrive\Desktop\Customer Management App\customer-management-app\customerswebsite\glassfish6\glassfish\domains\domain1/config/keystore.jks
-Djavax.net.ssl.trustStore=C:\Users\benja\OneDrive\Desktop\Customer Management App\customer-management-app\customerswebsite\glassfish6\glassfish\domains\domain1/config/cacerts.jks
-Djdbc.drivers=org.apache.derby.jdbc.ClientDriver
-DANTLR_USE_DIRECT_CLASS_LOADING=true
-Dcom.sun.enterprise.config.config_environment_factory_class=com.sun.enterprise.config.serverbeans.AppserverConfigEnvironmentFactory
-Dorg.glassfish.additionalOSGiBundlesToStart=org.apache.felix.shell,org.apache.felix.gogo.runtime,org.apache.felix.gogo.shell,org.apache.felix.gogo.command,org.apache.felix.shell.remote,org.apache.felix.fileinstall
-Dosgi.shell.telnet.port=6666
-Dosgi.shell.telnet.maxconn=1
-Dosgi.shell.telnet.ip=127.0.0.1
-Dgosh.args=--nointeractive
-Dfelix.fileinstall.dir=C:\Users\benja\OneDrive\Desktop\Customer Management App\customer-management-app\customerswebsite\glassfish6\glassfish/modules/autostart/
-Dfelix.fileinstall.poll=5000
-Dfelix.fileinstall.log.level=2
-Dfelix.fileinstall.bundles.new.start=true
-Dfelix.fileinstall.bundles.startTransient=true
-Dfelix.fileinstall.disableConfigSave=false
-Dorg.glassfish.gmbal.no.multipleUpperBoundsException=true
-Dcom.ctc.wstx.returnNullForDefaultNamespace=true
-Dcom.sun.aas.instanceRoot=C:\Users\benja\OneDrive\Desktop\Customer Management App\customer-management-app\customerswebsite\glassfish6\glassfish\domains\domain1
-Dcom.sun.aas.installRoot=C:\Users\benja\OneDrive\Desktop\Customer Management App\customer-management-app\customerswebsite\glassfish6\glassfish
-Djava.library.path=C:/Users/benja/OneDrive/Desktop/Customer Management App/customer-management-app/customerswebsite/glassfish6/glassfish/lib;C:/Program Files/Java/jdk-11.0.15.1/bin;C:/Windows/Sun/Java/bin;C:/Windows/System32;C:/Windows;C:/Program Files/Common Files/Oracle/Java/javapath;C:/src/depot_tools;C:/Windows/System32/wbem;C:/Windows/System32/WindowsPowerShell/v1.0;C:/Windows/System32/OpenSSH;C:/Program Files/Microsoft SQL Server/150/Tools/Binn;C:/ProgramData/chocolatey/bin;C:/Program Files/Git/cmd;C:/Gradle/gradle-7.5/bin;C:/Program Files/MySQL/MySQL Shell 8.0/bin;C:/Users/benja/AppData/Local/Microsoft/WindowsApps;C:/Program Files/mingw-w64/x86_64-8.1.0-posix-seh-rt_v6-rev0/mingw64/bin;C:/Users/benja/AppData/Local/Android/Sdk/platform-tools;C:/Users/benja/.dotnet/tools;C:/Users/benja/AppData/Local/Coursier/data/bin;C:/Users/benja/AppData/Local/Programs/Microsoft VS Code/bin;C:/Users/benja/OneDrive/Desktop/Customer Management App/customer-management-app/customerswebsite
com.sun.enterprise.glassfish.bootstrap.ASMain
-upgrade
false
-domaindir
C:/Users/benja/OneDrive/Desktop/Customer Management App/customer-management-app/customerswebsite/glassfish6/glassfish/domains/domain1
-read-stdin
true
-asadmin-args
--host,,,localhost,,,--port,,,4848,,,--secure=false,,,--terse=false,,,--echo=false,,,--interactive=true,,,start-domain,,,--verbose=true,,,--watchdog=false,,,--debug=false,,,--domaindir,,,C:\Users\benja\OneDrive\Desktop\Customer Management App\customer-management-app\customerswebsite\glassfish6\glassfish\domains,,,domain1
-domainname
domain1
-instancename
server
-type
DAS
-verbose
true
-asadmin-classpath
C:/Users/benja/OneDrive/Desktop/Customer Management App/customer-management-app/customerswebsite/glassfish6/glassfish/modules/admin-cli.jar
-debug
false
-asadmin-classname
com.sun.enterprise.admin.cli.AdminMain]]

[2022-07-21T15:01:04.612-0700] [glassfish 6.2] [INFO] [NCLS-LOGGING-00009] [jakarta.enterprise.logging] [tid: _ThreadID=29 _ThreadName=RunLevelControllerThread-1658440864361] [timeMillis: 1658440864612] [levelValue: 800] [[
  Running GlassFish Version: Eclipse GlassFish  6.2.5  (build 6.x-b66-g0159b68 2022-02-12T17:39:59+0000)]]

[2022-07-21T15:01:04.612-0700] [glassfish 6.2] [INFO] [NCLS-LOGGING-00010] [jakarta.enterprise.logging] [tid: _ThreadID=29 _ThreadName=RunLevelControllerThread-1658440864361] [timeMillis: 1658440864612] [levelValue: 800] [[
  Server log file is using Formatter class: com.sun.enterprise.server.logging.ODLLogFormatter]]

[2022-07-21T15:01:04.949-0700] [glassfish 6.2] [INFO] [NCLS-SECURITY-01115] [jakarta.enterprise.system.core.security] [tid: _ThreadID=31 _ThreadName=RunLevelControllerThread-1658440864392] [timeMillis: 1658440864949] [levelValue: 800] [[
  Realm [admin-realm] of classtype [com.sun.enterprise.security.auth.realm.file.FileRealm] successfully created.]]

[2022-07-21T15:01:04.955-0700] [glassfish 6.2] [INFO] [NCLS-SECURITY-01115] [jakarta.enterprise.system.core.security] [tid: _ThreadID=31 _ThreadName=RunLevelControllerThread-1658440864392] [timeMillis: 1658440864955] [levelValue: 800] [[
  Realm [file] of classtype [com.sun.enterprise.security.auth.realm.file.FileRealm] successfully created.]]

[2022-07-21T15:01:04.964-0700] [glassfish 6.2] [INFO] [NCLS-SECURITY-01115] [jakarta.enterprise.system.core.security] [tid: _ThreadID=31 _ThreadName=RunLevelControllerThread-1658440864392] [timeMillis: 1658440864964] [levelValue: 800] [[
  Realm [certificate] of classtype [com.sun.enterprise.security.auth.realm.certificate.CertificateRealm] successfully created.]]

[2022-07-21T15:01:05.095-0700] [glassfish 6.2] [INFO] [] [org.glassfish.ha.store.spi.BackingStoreFactoryRegistry] [tid: _ThreadID=30 _ThreadName=RunLevelControllerThread-1658440864392] [timeMillis: 1658440865095] [levelValue: 800] [[
  Registered org.glassfish.ha.store.adapter.cache.ShoalBackingStoreProxy for persistence-type = replicated in BackingStoreFactoryRegistry]]

[2022-07-21T15:01:05.267-0700] [glassfish 6.2] [INFO] [SEC-SVCS-00100] [jakarta.enterprise.security.services] [tid: _ThreadID=30 _ThreadName=RunLevelControllerThread-1658440864392] [timeMillis: 1658440865267] [levelValue: 800] [[
  Authorization Service has successfully initialized.]]

[2022-07-21T15:01:05.439-0700] [glassfish 6.2] [INFO] [NCLS-CORE-00087] [jakarta.enterprise.system.core] [tid: _ThreadID=29 _ThreadName=RunLevelControllerThread-1658440864361] [timeMillis: 1658440865439] [levelValue: 800] [[
  Grizzly Framework 3.0.1 started in: 47ms - bound to [/0.0.0.0:8080]]]

[2022-07-21T15:01:05.486-0700] [glassfish 6.2] [INFO] [NCLS-CORE-00087] [jakarta.enterprise.system.core] [tid: _ThreadID=29 _ThreadName=RunLevelControllerThread-1658440864361] [timeMillis: 1658440865486] [levelValue: 800] [[
  Grizzly Framework 3.0.1 started in: 0ms - bound to [/0.0.0.0:8181]]]

[2022-07-21T15:01:05.502-0700] [glassfish 6.2] [INFO] [NCLS-CORE-00087] [jakarta.enterprise.system.core] [tid: _ThreadID=29 _ThreadName=RunLevelControllerThread-1658440864361] [timeMillis: 1658440865502] [levelValue: 800] [[
  Grizzly Framework 3.0.1 started in: 0ms - bound to [/0.0.0.0:4848]]]

[2022-07-21T15:01:05.619-0700] [glassfish 6.2] [INFO] [NCLS-CORE-00087] [jakarta.enterprise.system.core] [tid: _ThreadID=31 _ThreadName=RunLevelControllerThread-1658440864392] [timeMillis: 1658440865619] [levelValue: 800] [[
  Grizzly Framework 3.0.1 started in: 3ms - bound to [/0.0.0.0:3700]]]

[2022-07-21T15:01:05.620-0700] [glassfish 6.2] [INFO] [NCLS-CORE-00017] [jakarta.enterprise.system.core] [tid: _ThreadID=1 _ThreadName=main] [timeMillis: 1658440865620] [levelValue: 800] [[
  Eclipse GlassFish  6.2.5  (6.x-b66-g0159b68 2022-02-12T17:39:59+0000) startup time : Felix (2,591ms), startup services(1,263ms), total(3,854ms)]]

[2022-07-21T15:01:05.988-0700] [glassfish 6.2] [INFO] [] [org.hibernate.validator.internal.util.Version] [tid: _ThreadID=28 _ThreadName=RunLevelControllerThread-1658440864361] [timeMillis: 1658440865988] [levelValue: 800] [[
  HV000001: Hibernate Validator 7.0.2.Final]]

[2022-07-21T15:01:06.004-0700] [glassfish 6.2] [INFO] [NCLS-JMX-00005] [jakarta.enterprise.system.jmx] [tid: _ThreadID=67 _ThreadName=Thread-13] [timeMillis: 1658440866004] [levelValue: 800] [[
  JMXStartupService has started JMXConnector on JMXService URL service:jmx:rmi://host.docker.internal:8686/jndi/rmi://host.docker.internal:8686/jmxrmi]]

[2022-07-21T15:01:06.507-0700] [glassfish 6.2] [INFO] [NCLS-CORE-00087] [jakarta.enterprise.system.core] [tid: _ThreadID=28 _ThreadName=RunLevelControllerThread-1658440864361] [timeMillis: 1658440866507] [levelValue: 800] [[
  Grizzly Framework 3.0.1 started in: 15ms - bound to [/0.0.0.0:7676]]]

[2022-07-21T15:01:06.507-0700] [glassfish 6.2] [INFO] [NCLS-BOOTSTRAP-00027] [jakarta.enterprise.bootstrap] [tid: _ThreadID=1 _ThreadName=main] [timeMillis: 1658440866507] [levelValue: 800] [[
  Registered com.sun.enterprise.glassfish.bootstrap.osgi.EmbeddedOSGiGlassFishImpl@3047254d as OSGi service registration: org.apache.felix.framework.ServiceRegistrationImpl@6cf31447.]]

[2022-07-21T15:01:06.712-0700] [glassfish 6.2] [INFO] [] [org.jvnet.hk2.osgiadapter] [tid: _ThreadID=23 _ThreadName=FelixStartLevel] [timeMillis: 1658440866712] [levelValue: 800] [[
  Skipping registration of inhabitant for service reference [org.osgi.service.metatype.MetaTypeProvider] as the service object could not be obtained.]]

[2022-07-21T15:01:30.508-0700] [glassfish 6.2] [INFO] [NCLS-REST-00001] [jakarta.enterprise.admin.rest] [tid: _ThreadID=58 _ThreadName=admin-listener(3)] [timeMillis: 1658440890508] [levelValue: 800] [[
  Listening to REST requests at context: /command/domain.]]

[2022-07-21T15:02:27.896-0700] [glassfish 6.2] [INFO] [NCLS-CORE-00092] [jakarta.enterprise.system.core] [tid: _ThreadID=111 _ThreadName=Thread-27] [timeMillis: 1658440947896] [levelValue: 800] [[
  Server shutdown initiated]]

[2022-07-21T15:02:27.896-0700] [glassfish 6.2] [INFO] [NCLS-BOOTSTRAP-00028] [jakarta.enterprise.bootstrap] [tid: _ThreadID=111 _ThreadName=Thread-27] [timeMillis: 1658440947896] [levelValue: 800] [[
  Unregistered com.sun.enterprise.glassfish.bootstrap.osgi.EmbeddedOSGiGlassFishImpl@3047254d from service registry.]]

[2022-07-21T15:02:27.896-0700] [glassfish 6.2] [INFO] [] [] [tid: _ThreadID=111 _ThreadName=Thread-7] [timeMillis: 1658440947896] [levelValue: 800] [[
  FileMonitoring shutdown]]

[2022-07-21T15:02:27.911-0700] [glassfish 6.2] [INFO] [NCLS-JMX-00002] [jakarta.enterprise.system.jmx] [tid: _ThreadID=111 _ThreadName=Thread-27] [timeMillis: 1658440947911] [levelValue: 800] [[
  JMXStartupService: Stopped JMXConnectorServer: null]]

[2022-07-21T15:02:27.911-0700] [glassfish 6.2] [INFO] [NCLS-JMX-00001] [jakarta.enterprise.system.jmx] [tid: _ThreadID=111 _ThreadName=Thread-27] [timeMillis: 1658440947911] [levelValue: 800] [[
  JMXStartupService and JMXConnectors have been shut down.]]

[2022-07-21T15:02:28.061-0700] [glassfish 6.2] [INFO] [] [] [tid: _ThreadID=114 _ThreadName=Thread-7] [timeMillis: 1658440948061] [levelValue: 800] [[
  JdbcRuntimeExtension,  getAllSystemRAResourcesAndPools = [GlassFishConfigBean.org.glassfish.jdbc.config.JdbcResource, GlassFishConfigBean.org.glassfish.jdbc.config.JdbcResource, GlassFishConfigBean.org.glassfish.jdbc.config.JdbcConnectionPool, GlassFishConfigBean.org.glassfish.jdbc.config.JdbcConnectionPool]]]

